<?xml version="1.0" encoding="UTF-8"?>
<!-- Generated by org.testng.reporters.JUnitReportReporter -->
<testsuite hostname="SubhanPC" failures="0" tests="1" name="Demo_package.DatadrivenTesting" time="1.926" errors="0" timestamp="2024-06-27T13:00:40 IST" skipped="0">
  <testcase classname="Demo_package.DatadrivenTesting" name="tc1" time="1.926"/>
  <system-out/>
</testsuite> <!-- Demo_package.DatadrivenTesting -->
