<?xml version="1.0" encoding="UTF-8"?>
<!-- Generated by org.testng.reporters.JUnitReportReporter -->
<testsuite hostname="SubhanPC" failures="0" tests="3" name="Demo_package.Orangehrm1" time="3.177" errors="0" timestamp="2024-06-20T18:24:11 IST" skipped="2">
  <testcase classname="Demo_package.Orangehrm1" name="test3" time="3.177"/>
  <system-out/>
  <testcase classname="Demo_package.Orangehrm1" name="testcase1">
    <skipped/>
  </testcase> <!-- testcase1 -->
  <system-out/>
  <testcase classname="Demo_package.Orangehrm1" name="test2">
    <skipped/>
  </testcase> <!-- test2 -->
  <system-out/>
</testsuite> <!-- Demo_package.Orangehrm1 -->
