<?xml version="1.0" encoding="UTF-8"?>
<!-- Generated by org.testng.reporters.JUnitReportReporter -->
<testsuite hostname="SubhanPC" failures="0" tests="1" name="Demo_package.Datadriven_Excel" time="4.655" errors="0" timestamp="2024-06-27T13:55:34 IST" skipped="0">
  <testcase classname="Demo_package.Datadriven_Excel" name="testcase1" time="4.655"/>
  <system-out/>
</testsuite> <!-- Demo_package.Datadriven_Excel -->
