<?xml version="1.0" encoding="UTF-8"?>
<!-- Generated by org.testng.reporters.JUnitReportReporter -->
<testsuite hostname="SubhanPC" failures="0" tests="1" name="Demo_package.Orangehrmxpaths" time="17.454" errors="0" timestamp="2024-06-24T17:27:11 IST" skipped="0">
  <testcase classname="Demo_package.Orangehrmxpaths" name="testcase1" time="17.454"/>
  <system-out/>
</testsuite> <!-- Demo_package.Orangehrmxpaths -->
