<?xml version="1.0" encoding="UTF-8"?>
<!-- Generated by org.testng.reporters.JUnitReportReporter -->
<testsuite hostname="SubhanPC" failures="0" tests="2" name="Demo_package.Parallel_Testing" time="29.177" errors="0" timestamp="2024-06-28T16:59:30 IST" skipped="0">
  <testcase classname="Demo_package.Parallel_Testing" name="test2" time="18.354"/>
  <system-out/>
  <testcase classname="Demo_package.Parallel_Testing" name="test1" time="10.823"/>
  <system-out/>
</testsuite> <!-- Demo_package.Parallel_Testing -->
