<?xml version="1.0" encoding="UTF-8"?>
<!-- Generated by org.testng.reporters.JUnitReportReporter -->
<testsuite hostname="SubhanPC" failures="0" tests="1" name="In_Class_Activity.OrangeHRM_Automation" time="6.577" errors="0" timestamp="2024-06-27T09:20:25 IST" skipped="0">
  <testcase classname="In_Class_Activity.OrangeHRM_Automation" name="tc1" time="6.577"/>
  <system-out/>
</testsuite> <!-- In_Class_Activity.OrangeHRM_Automation -->
