<?xml version="1.0" encoding="UTF-8"?>
<!-- Generated by org.testng.reporters.JUnitReportReporter -->
<testsuite hostname="SubhanPC" failures="0" tests="1" name="Demo_package.FindingLinks" time="8.946" errors="0" timestamp="2024-06-27T12:20:37 IST" skipped="0">
  <testcase classname="Demo_package.FindingLinks" name="tc1" time="8.946"/>
  <system-out/>
</testsuite> <!-- Demo_package.FindingLinks -->
