<?xml version="1.0" encoding="UTF-8"?>
<!-- Generated by org.testng.reporters.JUnitReportReporter -->
<testsuite hostname="SubhanPC" failures="0" tests="1" name="Demo_package.Framesclass" time="0.851" errors="0" timestamp="2024-06-24T17:48:33 IST" skipped="0">
  <testcase classname="Demo_package.Framesclass" name="testcase1" time="0.851"/>
  <system-out/>
</testsuite> <!-- Demo_package.Framesclass -->
