<?xml version="1.0" encoding="UTF-8"?>
<!-- Generated by org.testng.reporters.JUnitReportReporter -->
<testsuite hostname="SubhanPC" failures="0" tests="2" name="Demo_package.Annotations_class" time="0.015" errors="0" timestamp="2024-06-24T11:53:31 IST" skipped="1">
  <testcase classname="Demo_package.Annotations_class" name="method1" time="0.015"/>
  <system-out/>
  <testcase classname="Demo_package.Annotations_class" name="method2">
    <skipped/>
  </testcase> <!-- method2 -->
  <system-out/>
</testsuite> <!-- Demo_package.Annotations_class -->
