<?xml version="1.0" encoding="UTF-8"?>
<!-- Generated by org.testng.reporters.JUnitReportReporter -->
<testsuite hostname="SubhanPC" failures="0" tests="2" name="Demo_package.Groups" time="0.025" errors="0" timestamp="2024-06-28T12:48:20 IST" skipped="0">
  <testcase classname="Demo_package.Groups" name="tc3" time="0.021"/>
  <system-out/>
  <testcase classname="Demo_package.Groups" name="tc4" time="0.004"/>
  <system-out/>
</testsuite> <!-- Demo_package.Groups -->
