<?xml version="1.0" encoding="UTF-8"?>
<!-- Generated by org.testng.reporters.JUnitReportReporter -->
<testsuite hostname="SubhanPC" failures="0" tests="1" name="Demo_package.Alertsclass" time="8.641" errors="0" timestamp="2024-06-25T18:27:51 IST" skipped="0">
  <testcase classname="Demo_package.Alertsclass" name="testcase2" time="8.641"/>
  <system-out/>
</testsuite> <!-- Demo_package.Alertsclass -->
