<?xml version="1.0" encoding="UTF-8"?>
<!-- Generated by org.testng.reporters.JUnitReportReporter -->
<testsuite hostname="SubhanPC" failures="0" tests="1" name="Demo_package.First_Class" time="0.010" errors="0" timestamp="2024-06-20T15:11:02 IST" skipped="0">
  <testcase classname="Demo_package.First_Class" name="testLoginPage" time="0.010"/>
  <system-out/>
</testsuite> <!-- Demo_package.First_Class -->
