<?xml version="1.0" encoding="UTF-8"?>
<!-- Generated by org.testng.reporters.JUnitReportReporter -->
<testsuite hostname="SubhanPC" failures="0" tests="1" name="Demo_package.Windowhandles" time="0.146" errors="0" timestamp="2024-06-25T12:59:36 IST" skipped="0">
  <testcase classname="Demo_package.Windowhandles" name="testcase1" time="0.146"/>
  <system-out/>
</testsuite> <!-- Demo_package.Windowhandles -->
