<?xml version="1.0" encoding="UTF-8"?>
<!-- Generated by org.testng.reporters.JUnitReportReporter -->
<testsuite hostname="SubhanPC" failures="0" tests="1" name="Demo_package.Handling_radio_buttons" time="3.619" errors="0" timestamp="2024-06-27T18:31:07 IST" skipped="0">
  <testcase classname="Demo_package.Handling_radio_buttons" name="testcase1" time="3.619"/>
  <system-out/>
</testsuite> <!-- Demo_package.Handling_radio_buttons -->
