<?xml version="1.0" encoding="UTF-8"?>
<!-- Generated by org.testng.reporters.JUnitReportReporter -->
<testsuite hostname="SubhanPC" failures="0" tests="1" name="Demo_package.Orangehrmlinks" time="5.342" errors="0" timestamp="2024-06-21T13:29:18 IST" skipped="0">
  <testcase classname="Demo_package.Orangehrmlinks" name="testLoginPage" time="5.342"/>
  <system-out/>
</testsuite> <!-- Demo_package.Orangehrmlinks -->
